  [1m[35m (0.1ms)[0m  [1m[34mSELECT sqlite_version(*)[0m
  ↳ bin/rails:9
  [1m[35m (126.3ms)[0m  [1m[35mCREATE TABLE "schema_migrations" ("version" varchar NOT NULL PRIMARY KEY)[0m
  ↳ bin/rails:9
  [1m[35m (101.2ms)[0m  [1m[35mCREATE TABLE "ar_internal_metadata" ("key" varchar NOT NULL PRIMARY KEY, "value" varchar, "created_at" datetime NOT NULL, "updated_at" datetime NOT NULL)[0m
  ↳ bin/rails:9
  [1m[35m (0.4ms)[0m  [1m[34mSELECT "schema_migrations"."version" FROM "schema_migrations" ORDER BY "schema_migrations"."version" ASC[0m
  ↳ bin/rails:9
Migrating to CreateTodoItems (20181114131046)
  [1m[35m (0.1ms)[0m  [1m[36mbegin transaction[0m
  ↳ bin/rails:9
  [1m[35m (0.8ms)[0m  [1m[35mCREATE TABLE "todo_items" ("id" integer PRIMARY KEY AUTOINCREMENT NOT NULL, "description" varchar, "created_at" datetime NOT NULL, "updated_at" datetime NOT NULL)[0m
  ↳ db/migrate/20181114131046_create_todo_items.rb:3
  [1m[36mActiveRecord::SchemaMigration Create (0.2ms)[0m  [1m[32mINSERT INTO "schema_migrations" ("version") VALUES (?)[0m  [["version", "20181114131046"]]
  ↳ bin/rails:9
  [1m[35m (84.9ms)[0m  [1m[36mcommit transaction[0m
  ↳ bin/rails:9
  [1m[36mActiveRecord::InternalMetadata Load (0.7ms)[0m  [1m[34mSELECT  "ar_internal_metadata".* FROM "ar_internal_metadata" WHERE "ar_internal_metadata"."key" = ? LIMIT ?[0m  [["key", "environment"], ["LIMIT", 1]]
  ↳ bin/rails:9
  [1m[35m (0.2ms)[0m  [1m[36mbegin transaction[0m
  ↳ bin/rails:9
  [1m[36mActiveRecord::InternalMetadata Create (1.1ms)[0m  [1m[32mINSERT INTO "ar_internal_metadata" ("key", "value", "created_at", "updated_at") VALUES (?, ?, ?, ?)[0m  [["key", "environment"], ["value", "development"], ["created_at", "2018-11-14 13:19:18.750955"], ["updated_at", "2018-11-14 13:19:18.750955"]]
  ↳ bin/rails:9
  [1m[35m (65.6ms)[0m  [1m[36mcommit transaction[0m
  ↳ bin/rails:9
  [1m[35m (0.8ms)[0m  [1m[34mSELECT "schema_migrations"."version" FROM "schema_migrations" ORDER BY "schema_migrations"."version" ASC[0m
  ↳ bin/rails:9
Started GET "/" for 127.0.0.1 at 2018-11-14 08:29:59 -0500
  [1m[35m (0.2ms)[0m  [1m[34mSELECT "schema_migrations"."version" FROM "schema_migrations" ORDER BY "schema_migrations"."version" ASC[0m
  ↳ /home/anoah/.rbenv/versions/2.5.1/lib/ruby/gems/2.5.0/gems/activerecord-5.2.1/lib/active_record/log_subscriber.rb:98
Processing by Rails::WelcomeController#index as HTML
  Rendering /home/anoah/.rbenv/versions/2.5.1/lib/ruby/gems/2.5.0/gems/railties-5.2.1/lib/rails/templates/rails/welcome/index.html.erb
  Rendered /home/anoah/.rbenv/versions/2.5.1/lib/ruby/gems/2.5.0/gems/railties-5.2.1/lib/rails/templates/rails/welcome/index.html.erb (3.1ms)
Completed 200 OK in 33ms (Views: 14.5ms | ActiveRecord: 0.0ms)


Started GET "/" for 127.0.0.1 at 2018-11-14 08:30:38 -0500
  
SyntaxError (/home/anoah/wyncode/scaffold_practice/todo/config/routes.rb:3: syntax error, unexpected '=', expecting keyword_end
  root 'todo_item'='todo_item#index'
                  ^
/home/anoah/wyncode/scaffold_practice/todo/config/routes.rb:5: syntax error, unexpected keyword_end, expecting end-of-input):
  
config/routes.rb:3: syntax error, unexpected '=', expecting keyword_end
config/routes.rb:5: syntax error, unexpected keyword_end, expecting end-of-input
Started GET "/" for 127.0.0.1 at 2018-11-14 08:31:03 -0500
  
ArgumentError (Missing :controller key on routes definition, please check your routes.):
  
config/routes.rb:3:in `block in <main>'
config/routes.rb:1:in `<main>'
Started GET "/" for 127.0.0.1 at 2018-11-14 08:31:34 -0500
  
ArgumentError (Missing :controller key on routes definition, please check your routes.):
  
config/routes.rb:3:in `block in <main>'
config/routes.rb:1:in `<main>'
Started GET "/new" for 127.0.0.1 at 2018-11-14 08:31:48 -0500
  
ActionController::RoutingError (No route matches [GET] "/new"):
  
actionpack (5.2.1) lib/action_dispatch/middleware/debug_exceptions.rb:65:in `call'
web-console (3.7.0) lib/web_console/middleware.rb:135:in `call_app'
web-console (3.7.0) lib/web_console/middleware.rb:30:in `block in call'
web-console (3.7.0) lib/web_console/middleware.rb:20:in `catch'
web-console (3.7.0) lib/web_console/middleware.rb:20:in `call'
actionpack (5.2.1) lib/action_dispatch/middleware/show_exceptions.rb:33:in `call'
railties (5.2.1) lib/rails/rack/logger.rb:38:in `call_app'
railties (5.2.1) lib/rails/rack/logger.rb:26:in `block in call'
activesupport (5.2.1) lib/active_support/tagged_logging.rb:71:in `block in tagged'
activesupport (5.2.1) lib/active_support/tagged_logging.rb:28:in `tagged'
activesupport (5.2.1) lib/active_support/tagged_logging.rb:71:in `tagged'
railties (5.2.1) lib/rails/rack/logger.rb:26:in `call'
sprockets-rails (3.2.1) lib/sprockets/rails/quiet_assets.rb:13:in `call'
actionpack (5.2.1) lib/action_dispatch/middleware/remote_ip.rb:81:in `call'
actionpack (5.2.1) lib/action_dispatch/middleware/request_id.rb:27:in `call'
rack (2.0.6) lib/rack/method_override.rb:22:in `call'
rack (2.0.6) lib/rack/runtime.rb:22:in `call'
activesupport (5.2.1) lib/active_support/cache/strategy/local_cache_middleware.rb:29:in `call'
actionpack (5.2.1) lib/action_dispatch/middleware/executor.rb:14:in `call'
actionpack (5.2.1) lib/action_dispatch/middleware/static.rb:127:in `call'
rack (2.0.6) lib/rack/sendfile.rb:111:in `call'
railties (5.2.1) lib/rails/engine.rb:524:in `call'
puma (3.12.0) lib/puma/configuration.rb:225:in `call'
puma (3.12.0) lib/puma/server.rb:658:in `handle_request'
puma (3.12.0) lib/puma/server.rb:472:in `process_client'
puma (3.12.0) lib/puma/server.rb:332:in `block in run'
puma (3.12.0) lib/puma/thread_pool.rb:133:in `block in spawn_thread'
Started GET "/" for 127.0.0.1 at 2018-11-14 08:32:29 -0500
Processing by TodoItemsController#index as HTML
  Rendering todo_items/index.html.erb within layouts/application
  [1m[36mTodoItem Load (0.2ms)[0m  [1m[34mSELECT "todo_items".* FROM "todo_items"[0m
  ↳ app/views/todo_items/index.html.erb:14
  Rendered todo_items/index.html.erb within layouts/application (2.6ms)
Completed 200 OK in 346ms (Views: 342.2ms | ActiveRecord: 0.5ms)


Started GET "/todo_items/new" for 127.0.0.1 at 2018-11-14 08:32:31 -0500
Processing by TodoItemsController#new as HTML
  Rendering todo_items/new.html.erb within layouts/application
  Rendered todo_items/_form.html.erb (108.3ms)
  Rendered todo_items/new.html.erb within layouts/application (113.1ms)
Completed 200 OK in 172ms (Views: 148.1ms | ActiveRecord: 1.8ms)


Started GET "/" for 127.0.0.1 at 2018-11-14 08:32:35 -0500
Processing by TodoItemsController#index as HTML
  Rendering todo_items/index.html.erb within layouts/application
  [1m[36mTodoItem Load (0.2ms)[0m  [1m[34mSELECT "todo_items".* FROM "todo_items"[0m
  ↳ app/views/todo_items/index.html.erb:14
  Rendered todo_items/index.html.erb within layouts/application (2.3ms)
Completed 200 OK in 25ms (Views: 23.4ms | ActiveRecord: 0.2ms)


Started GET "/todo_items/new" for 127.0.0.1 at 2018-11-14 08:32:38 -0500
Processing by TodoItemsController#new as HTML
  Rendering todo_items/new.html.erb within layouts/application
  Rendered todo_items/_form.html.erb (5.4ms)
  Rendered todo_items/new.html.erb within layouts/application (10.0ms)
Completed 200 OK in 50ms (Views: 42.9ms | ActiveRecord: 0.0ms)


Started POST "/todo_items" for 127.0.0.1 at 2018-11-14 08:32:53 -0500
Processing by TodoItemsController#create as HTML
  Parameters: {"utf8"=>"✓", "authenticity_token"=>"m5cZrWJs0PBom9bASy2YczSI6LyzuRzjvfcggy6OmI9WM0CIIMBOC95Dk19Ym0+KaaqCKTld1jM6hBDBHNmB2g==", "todo_item"=>{"description"=>"Call Shaul"}, "commit"=>"Create Todo item"}
  [1m[35m (0.1ms)[0m  [1m[36mbegin transaction[0m
  ↳ app/controllers/todo_items_controller.rb:32
  [1m[36mTodoItem Create (0.4ms)[0m  [1m[32mINSERT INTO "todo_items" ("description", "created_at", "updated_at") VALUES (?, ?, ?)[0m  [["description", "Call Shaul"], ["created_at", "2018-11-14 13:32:53.641000"], ["updated_at", "2018-11-14 13:32:53.641000"]]
  ↳ app/controllers/todo_items_controller.rb:32
  [1m[35m (93.6ms)[0m  [1m[36mcommit transaction[0m
  ↳ app/controllers/todo_items_controller.rb:32
Redirected to http://localhost:3000/todo_items/1
Completed 302 Found in 105ms (ActiveRecord: 94.1ms)


Started GET "/todo_items/1" for 127.0.0.1 at 2018-11-14 08:32:53 -0500
Processing by TodoItemsController#show as HTML
  Parameters: {"id"=>"1"}
  [1m[36mTodoItem Load (0.9ms)[0m  [1m[34mSELECT  "todo_items".* FROM "todo_items" WHERE "todo_items"."id" = ? LIMIT ?[0m  [["id", 1], ["LIMIT", 1]]
  ↳ app/controllers/todo_items_controller.rb:69
  [1m[36mCACHE TodoItem Load (0.1ms)[0m  [1m[34mSELECT  "todo_items".* FROM "todo_items" WHERE "todo_items"."id" = ? LIMIT ?[0m  [["id", 1], ["LIMIT", 1]]
  ↳ app/controllers/todo_items_controller.rb:13
Completed 500 Internal Server Error in 35ms (ActiveRecord: 1.0ms)


  
NoMethodError (undefined method `save' for #<Class:0x0000558cf2e82e78>):
  
app/controllers/todo_items_controller.rb:14:in `show'
Started GET "/todo_items/1" for 127.0.0.1 at 2018-11-14 08:33:32 -0500
Processing by TodoItemsController#show as HTML
  Parameters: {"id"=>"1"}
  [1m[36mTodoItem Load (0.1ms)[0m  [1m[34mSELECT  "todo_items".* FROM "todo_items" WHERE "todo_items"."id" = ? LIMIT ?[0m  [["id", 1], ["LIMIT", 1]]
  ↳ app/controllers/todo_items_controller.rb:69
  [1m[36mCACHE TodoItem Load (0.0ms)[0m  [1m[34mSELECT  "todo_items".* FROM "todo_items" WHERE "todo_items"."id" = ? LIMIT ?[0m  [["id", 1], ["LIMIT", 1]]
  ↳ app/controllers/todo_items_controller.rb:13
Completed 500 Internal Server Error in 11ms (ActiveRecord: 0.7ms)


  
NoMethodError (undefined method `save' for #<Class:0x00007f72481dbd68>):
  
app/controllers/todo_items_controller.rb:14:in `show'
Started GET "/todo_items/1" for 127.0.0.1 at 2018-11-14 08:33:47 -0500
Processing by TodoItemsController#show as HTML
  Parameters: {"id"=>"1"}
  [1m[36mTodoItem Load (0.2ms)[0m  [1m[34mSELECT  "todo_items".* FROM "todo_items" WHERE "todo_items"."id" = ? LIMIT ?[0m  [["id", 1], ["LIMIT", 1]]
  ↳ app/controllers/todo_items_controller.rb:69
  [1m[36mCACHE TodoItem Load (0.0ms)[0m  [1m[34mSELECT  "todo_items".* FROM "todo_items" WHERE "todo_items"."id" = ? LIMIT ?[0m  [["id", 1], ["LIMIT", 1]]
  ↳ app/controllers/todo_items_controller.rb:13
  Rendering todo_items/show.html.erb within layouts/application
  Rendered todo_items/show.html.erb within layouts/application (0.7ms)
Completed 200 OK in 30ms (Views: 18.2ms | ActiveRecord: 1.4ms)


Started GET "/todo_items" for 127.0.0.1 at 2018-11-14 08:33:51 -0500
Processing by TodoItemsController#index as HTML
  Rendering todo_items/index.html.erb within layouts/application
  [1m[36mTodoItem Load (1.1ms)[0m  [1m[34mSELECT "todo_items".* FROM "todo_items"[0m
  ↳ app/views/todo_items/index.html.erb:14
  Rendered todo_items/index.html.erb within layouts/application (12.9ms)
Completed 200 OK in 96ms (Views: 91.2ms | ActiveRecord: 1.1ms)


Started DELETE "/todo_items/1" for 127.0.0.1 at 2018-11-14 08:33:54 -0500
Processing by TodoItemsController#destroy as HTML
  Parameters: {"authenticity_token"=>"Y0sh8OUujY/akGSqwwnG7+39h1kg4MHpM7d4t/O+iffRLIEZpLbwFsguOqUANIECCohV6W78ZxMcaU6WsTGEYg==", "id"=>"1"}
  [1m[36mTodoItem Load (0.2ms)[0m  [1m[34mSELECT  "todo_items".* FROM "todo_items" WHERE "todo_items"."id" = ? LIMIT ?[0m  [["id", 1], ["LIMIT", 1]]
  ↳ app/controllers/todo_items_controller.rb:69
  [1m[35m (0.1ms)[0m  [1m[36mbegin transaction[0m
  ↳ app/controllers/todo_items_controller.rb:59
  [1m[36mTodoItem Destroy (0.5ms)[0m  [1m[31mDELETE FROM "todo_items" WHERE "todo_items"."id" = ?[0m  [["id", 1]]
  ↳ app/controllers/todo_items_controller.rb:59
  [1m[35m (75.0ms)[0m  [1m[36mcommit transaction[0m
  ↳ app/controllers/todo_items_controller.rb:59
Redirected to http://localhost:3000/todo_items
Completed 302 Found in 82ms (ActiveRecord: 75.7ms)


Started GET "/todo_items" for 127.0.0.1 at 2018-11-14 08:33:54 -0500
Processing by TodoItemsController#index as HTML
  Rendering todo_items/index.html.erb within layouts/application
  [1m[36mTodoItem Load (0.2ms)[0m  [1m[34mSELECT "todo_items".* FROM "todo_items"[0m
  ↳ app/views/todo_items/index.html.erb:14
  Rendered todo_items/index.html.erb within layouts/application (1.4ms)
Completed 200 OK in 22ms (Views: 20.7ms | ActiveRecord: 0.2ms)


Started GET "/todo_items/new" for 127.0.0.1 at 2018-11-14 08:34:06 -0500
Processing by TodoItemsController#new as HTML
  Rendering todo_items/new.html.erb within layouts/application
  Rendered todo_items/_form.html.erb (1.5ms)
  Rendered todo_items/new.html.erb within layouts/application (2.4ms)
Completed 200 OK in 23ms (Views: 15.4ms | ActiveRecord: 0.8ms)


Started POST "/todo_items" for 127.0.0.1 at 2018-11-14 08:34:09 -0500
Processing by TodoItemsController#create as HTML
  Parameters: {"utf8"=>"✓", "authenticity_token"=>"6wZS5Nlvpstu+2LHN30bZRxbNmd1Xba3iGVjUFzXfEYmogvBm8M4MNgjJ1gky8ycQXlc8v+5fGcPFlMSboBlEw==", "todo_item"=>{"description"=>"Call Shaul"}, "commit"=>"Create Todo item"}
  [1m[35m (0.2ms)[0m  [1m[36mbegin transaction[0m
  ↳ app/controllers/todo_items_controller.rb:31
  [1m[36mTodoItem Create (0.9ms)[0m  [1m[32mINSERT INTO "todo_items" ("description", "created_at", "updated_at") VALUES (?, ?, ?)[0m  [["description", "Call Shaul"], ["created_at", "2018-11-14 13:34:09.207332"], ["updated_at", "2018-11-14 13:34:09.207332"]]
  ↳ app/controllers/todo_items_controller.rb:31
  [1m[35m (168.2ms)[0m  [1m[36mcommit transaction[0m
  ↳ app/controllers/todo_items_controller.rb:31
Redirected to http://localhost:3000/todo_items/2
Completed 302 Found in 187ms (ActiveRecord: 169.2ms)


Started GET "/todo_items/2" for 127.0.0.1 at 2018-11-14 08:34:09 -0500
Processing by TodoItemsController#show as HTML
  Parameters: {"id"=>"2"}
  [1m[36mTodoItem Load (1.1ms)[0m  [1m[34mSELECT  "todo_items".* FROM "todo_items" WHERE "todo_items"."id" = ? LIMIT ?[0m  [["id", 2], ["LIMIT", 1]]
  ↳ app/controllers/todo_items_controller.rb:68
  Rendering todo_items/show.html.erb within layouts/application
  Rendered todo_items/show.html.erb within layouts/application (3.8ms)
Completed 200 OK in 63ms (Views: 51.8ms | ActiveRecord: 1.1ms)


Started GET "/todo_items" for 127.0.0.1 at 2018-11-14 08:34:10 -0500
Processing by TodoItemsController#index as HTML
  Rendering todo_items/index.html.erb within layouts/application
  [1m[36mTodoItem Load (0.8ms)[0m  [1m[34mSELECT "todo_items".* FROM "todo_items"[0m
  ↳ app/views/todo_items/index.html.erb:14
  Rendered todo_items/index.html.erb within layouts/application (8.9ms)
Completed 200 OK in 71ms (Views: 66.5ms | ActiveRecord: 0.8ms)


Started GET "/todo_items/2" for 127.0.0.1 at 2018-11-14 08:34:13 -0500
Processing by TodoItemsController#show as HTML
  Parameters: {"id"=>"2"}
  [1m[36mTodoItem Load (0.4ms)[0m  [1m[34mSELECT  "todo_items".* FROM "todo_items" WHERE "todo_items"."id" = ? LIMIT ?[0m  [["id", 2], ["LIMIT", 1]]
  ↳ app/controllers/todo_items_controller.rb:68
  Rendering todo_items/show.html.erb within layouts/application
  Rendered todo_items/show.html.erb within layouts/application (1.5ms)
Completed 200 OK in 37ms (Views: 27.8ms | ActiveRecord: 0.4ms)


Started GET "/todo_items" for 127.0.0.1 at 2018-11-14 08:34:14 -0500
Processing by TodoItemsController#index as HTML
  Rendering todo_items/index.html.erb within layouts/application
  [1m[36mTodoItem Load (1.4ms)[0m  [1m[34mSELECT "todo_items".* FROM "todo_items"[0m
  ↳ app/views/todo_items/index.html.erb:14
  Rendered todo_items/index.html.erb within layouts/application (11.6ms)
Completed 200 OK in 78ms (Views: 71.5ms | ActiveRecord: 1.4ms)


Started DELETE "/todo_items/2" for 127.0.0.1 at 2018-11-14 08:34:17 -0500
Processing by TodoItemsController#destroy as HTML
  Parameters: {"authenticity_token"=>"O/ay/irSB1yk7F1NUPyww0Ca2U4dO++ALZv9y7rbIh+JkRIXa0p6xbZSA0KTwfcup+8L/lMnSXoCRcvq+FQvig==", "id"=>"2"}
  [1m[36mTodoItem Load (0.2ms)[0m  [1m[34mSELECT  "todo_items".* FROM "todo_items" WHERE "todo_items"."id" = ? LIMIT ?[0m  [["id", 2], ["LIMIT", 1]]
  ↳ app/controllers/todo_items_controller.rb:68
  [1m[35m (0.1ms)[0m  [1m[36mbegin transaction[0m
  ↳ app/controllers/todo_items_controller.rb:58
  [1m[36mTodoItem Destroy (1.8ms)[0m  [1m[31mDELETE FROM "todo_items" WHERE "todo_items"."id" = ?[0m  [["id", 2]]
  ↳ app/controllers/todo_items_controller.rb:58
  [1m[35m (77.0ms)[0m  [1m[36mcommit transaction[0m
  ↳ app/controllers/todo_items_controller.rb:58
Redirected to http://localhost:3000/todo_items
Completed 302 Found in 86ms (ActiveRecord: 79.1ms)


Started GET "/todo_items" for 127.0.0.1 at 2018-11-14 08:34:17 -0500
Processing by TodoItemsController#index as HTML
  Rendering todo_items/index.html.erb within layouts/application
  [1m[36mTodoItem Load (0.6ms)[0m  [1m[34mSELECT "todo_items".* FROM "todo_items"[0m
  ↳ app/views/todo_items/index.html.erb:14
  Rendered todo_items/index.html.erb within layouts/application (6.1ms)
Completed 200 OK in 54ms (Views: 47.0ms | ActiveRecord: 0.6ms)


Started GET "/todo_items/new" for 127.0.0.1 at 2018-11-14 08:34:33 -0500
Processing by TodoItemsController#new as HTML
  Rendering todo_items/new.html.erb within layouts/application
  Rendered todo_items/_form.html.erb (1.8ms)
  Rendered todo_items/new.html.erb within layouts/application (2.7ms)
Completed 200 OK in 22ms (Views: 16.2ms | ActiveRecord: 0.7ms)


Started POST "/todo_items" for 127.0.0.1 at 2018-11-14 08:34:35 -0500
Processing by TodoItemsController#create as HTML
  Parameters: {"utf8"=>"✓", "authenticity_token"=>"BO1wfzl7z3lni0AOBxowGeB+fnHDrgQ9S1nSLzQnhyvJSSlae9dRgtFTBZEUrOfgvVwU5ElKzu3MKuJtBnCefg==", "todo_item"=>{"description"=>"Call Shaul"}, "commit"=>"Create Todo item"}
  [1m[35m (0.1ms)[0m  [1m[36mbegin transaction[0m
  ↳ app/controllers/todo_items_controller.rb:31
  [1m[36mTodoItem Create (0.4ms)[0m  [1m[32mINSERT INTO "todo_items" ("description", "created_at", "updated_at") VALUES (?, ?, ?)[0m  [["description", "Call Shaul"], ["created_at", "2018-11-14 13:34:35.418227"], ["updated_at", "2018-11-14 13:34:35.418227"]]
  ↳ app/controllers/todo_items_controller.rb:31
  [1m[35m (285.8ms)[0m  [1m[36mcommit transaction[0m
  ↳ app/controllers/todo_items_controller.rb:31
Redirected to http://localhost:3000/todo_items/3
Completed 302 Found in 296ms (ActiveRecord: 286.4ms)


Started GET "/todo_items/3" for 127.0.0.1 at 2018-11-14 08:34:35 -0500
Processing by TodoItemsController#show as HTML
  Parameters: {"id"=>"3"}
  [1m[36mTodoItem Load (1.0ms)[0m  [1m[34mSELECT  "todo_items".* FROM "todo_items" WHERE "todo_items"."id" = ? LIMIT ?[0m  [["id", 3], ["LIMIT", 1]]
  ↳ app/controllers/todo_items_controller.rb:68
  Rendering todo_items/show.html.erb within layouts/application
  Rendered todo_items/show.html.erb within layouts/application (3.1ms)
Completed 200 OK in 60ms (Views: 49.0ms | ActiveRecord: 1.0ms)


Started GET "/todo_items" for 127.0.0.1 at 2018-11-14 08:34:37 -0500
Processing by TodoItemsController#index as HTML
  Rendering todo_items/index.html.erb within layouts/application
  [1m[36mTodoItem Load (0.8ms)[0m  [1m[34mSELECT "todo_items".* FROM "todo_items"[0m
  ↳ app/views/todo_items/index.html.erb:14
  Rendered todo_items/index.html.erb within layouts/application (8.9ms)
Completed 200 OK in 65ms (Views: 59.6ms | ActiveRecord: 0.8ms)


Started DELETE "/todo_items/3" for 127.0.0.1 at 2018-11-14 08:34:40 -0500
Processing by TodoItemsController#destroy as HTML
  Parameters: {"authenticity_token"=>"F07SSMWHNzL5xMCgMPysFbz2UUQpNH7x12ebs8i5MkqlKXKhhB9Kq+t6nq/zwev4W4OD9Gco2Av4ua2SijY/3w==", "id"=>"3"}
  [1m[36mTodoItem Load (0.3ms)[0m  [1m[34mSELECT  "todo_items".* FROM "todo_items" WHERE "todo_items"."id" = ? LIMIT ?[0m  [["id", 3], ["LIMIT", 1]]
  ↳ app/controllers/todo_items_controller.rb:68
  [1m[35m (0.1ms)[0m  [1m[36mbegin transaction[0m
  ↳ app/controllers/todo_items_controller.rb:58
  [1m[36mTodoItem Destroy (1.2ms)[0m  [1m[31mDELETE FROM "todo_items" WHERE "todo_items"."id" = ?[0m  [["id", 3]]
  ↳ app/controllers/todo_items_controller.rb:58
  [1m[35m (85.3ms)[0m  [1m[36mcommit transaction[0m
  ↳ app/controllers/todo_items_controller.rb:58
Redirected to http://localhost:3000/todo_items
Completed 302 Found in 99ms (ActiveRecord: 86.9ms)


Started GET "/todo_items" for 127.0.0.1 at 2018-11-14 08:34:40 -0500
Processing by TodoItemsController#index as HTML
  Rendering todo_items/index.html.erb within layouts/application
  [1m[36mTodoItem Load (0.3ms)[0m  [1m[34mSELECT "todo_items".* FROM "todo_items"[0m
  ↳ app/views/todo_items/index.html.erb:14
  Rendered todo_items/index.html.erb within layouts/application (2.6ms)
Completed 200 OK in 27ms (Views: 25.1ms | ActiveRecord: 0.3ms)


Started GET "/" for 127.0.0.1 at 2018-11-14 08:35:35 -0500
Processing by TodoItemsController#index as HTML
  Rendering todo_items/index.html.erb within layouts/application
  [1m[36mTodoItem Load (0.4ms)[0m  [1m[34mSELECT "todo_items".* FROM "todo_items"[0m
  ↳ app/views/todo_items/index.html.erb:14
  Rendered todo_items/index.html.erb within layouts/application (2.5ms)
Completed 200 OK in 24ms (Views: 22.8ms | ActiveRecord: 0.4ms)


Started GET "/todo_items/new" for 127.0.0.1 at 2018-11-14 08:37:22 -0500
Processing by TodoItemsController#new as HTML
  Rendering todo_items/new.html.erb within layouts/application
  Rendered todo_items/_form.html.erb (8.6ms)
  Rendered todo_items/new.html.erb within layouts/application (14.1ms)
Completed 200 OK in 87ms (Views: 82.7ms | ActiveRecord: 0.0ms)


Started GET "/" for 127.0.0.1 at 2018-11-14 08:41:09 -0500
  [1m[35m (0.2ms)[0m  [1m[34mSELECT "schema_migrations"."version" FROM "schema_migrations" ORDER BY "schema_migrations"."version" ASC[0m
  ↳ /home/anoah/.rbenv/versions/2.5.1/lib/ruby/gems/2.5.0/gems/activerecord-5.2.1/lib/active_record/log_subscriber.rb:98
Processing by TodoItemsController#index as HTML
  Rendering todo_items/index.html.erb within layouts/application
  [1m[36mTodoItem Load (0.2ms)[0m  [1m[34mSELECT "todo_items".* FROM "todo_items"[0m
  ↳ app/views/todo_items/index.html.erb:14
  Rendered todo_items/index.html.erb within layouts/application (3.7ms)
Completed 200 OK in 224ms (Views: 214.7ms | ActiveRecord: 1.2ms)


Started GET "/todo_items/new" for 127.0.0.1 at 2018-11-14 08:41:11 -0500
Processing by TodoItemsController#new as HTML
  Rendering todo_items/new.html.erb within layouts/application
  Rendered todo_items/_form.html.erb (11.8ms)
  Rendered todo_items/new.html.erb within layouts/application (15.0ms)
Completed 200 OK in 68ms (Views: 36.7ms | ActiveRecord: 2.2ms)


Started POST "/todo_items" for 127.0.0.1 at 2018-11-14 08:41:11 -0500
Processing by TodoItemsController#create as HTML
  Parameters: {"utf8"=>"✓", "authenticity_token"=>"D7RgZwhQC4cloc/XMOj+MoAakWloi6uQWCqWSxQvu/TCEDlCSvyVfJN5ikgjXinL3Tj7/OJvYUDfWaYJJniioQ==", "todo_item"=>{"description"=>""}, "commit"=>"Create Todo item"}
  [1m[35m (0.4ms)[0m  [1m[36mbegin transaction[0m
  ↳ app/controllers/todo_items_controller.rb:31
  [1m[36mTodoItem Create (2.9ms)[0m  [1m[32mINSERT INTO "todo_items" ("description", "created_at", "updated_at") VALUES (?, ?, ?)[0m  [["description", ""], ["created_at", "2018-11-14 13:41:11.965899"], ["updated_at", "2018-11-14 13:41:11.965899"]]
  ↳ app/controllers/todo_items_controller.rb:31
  [1m[35m (84.4ms)[0m  [1m[36mcommit transaction[0m
  ↳ app/controllers/todo_items_controller.rb:31
Redirected to http://localhost:3000/todo_items/4
Completed 302 Found in 110ms (ActiveRecord: 87.7ms)


Started GET "/todo_items/4" for 127.0.0.1 at 2018-11-14 08:41:12 -0500
Processing by TodoItemsController#show as HTML
  Parameters: {"id"=>"4"}
  [1m[36mTodoItem Load (0.8ms)[0m  [1m[34mSELECT  "todo_items".* FROM "todo_items" WHERE "todo_items"."id" = ? LIMIT ?[0m  [["id", 4], ["LIMIT", 1]]
  ↳ app/controllers/todo_items_controller.rb:68
  Rendering todo_items/show.html.erb within layouts/application
  Rendered todo_items/show.html.erb within layouts/application (2.7ms)
Completed 200 OK in 51ms (Views: 35.9ms | ActiveRecord: 0.8ms)


Started GET "/todo_items" for 127.0.0.1 at 2018-11-14 08:41:13 -0500
Processing by TodoItemsController#index as HTML
  Rendering todo_items/index.html.erb within layouts/application
  [1m[36mTodoItem Load (1.0ms)[0m  [1m[34mSELECT "todo_items".* FROM "todo_items"[0m
  ↳ app/views/todo_items/index.html.erb:14
  Rendered todo_items/index.html.erb within layouts/application (10.4ms)
Completed 200 OK in 62ms (Views: 57.0ms | ActiveRecord: 1.0ms)


Started DELETE "/todo_items/4" for 127.0.0.1 at 2018-11-14 08:41:15 -0500
Processing by TodoItemsController#destroy as HTML
  Parameters: {"authenticity_token"=>"CUXISEfU/+MAAAXZ5FdwfHidQrHmY+ggq0ZUnW0lD7G7ImihBkyCehK+W9YnajeRn+iQAah/TtqEmGK8L6oCJA==", "id"=>"4"}
  [1m[36mTodoItem Load (0.4ms)[0m  [1m[34mSELECT  "todo_items".* FROM "todo_items" WHERE "todo_items"."id" = ? LIMIT ?[0m  [["id", 4], ["LIMIT", 1]]
  ↳ app/controllers/todo_items_controller.rb:68
  [1m[35m (0.2ms)[0m  [1m[36mbegin transaction[0m
  ↳ app/controllers/todo_items_controller.rb:58
  [1m[36mTodoItem Destroy (3.8ms)[0m  [1m[31mDELETE FROM "todo_items" WHERE "todo_items"."id" = ?[0m  [["id", 4]]
  ↳ app/controllers/todo_items_controller.rb:58
  [1m[35m (189.9ms)[0m  [1m[36mcommit transaction[0m
  ↳ app/controllers/todo_items_controller.rb:58
Redirected to http://localhost:3000/todo_items
Completed 302 Found in 205ms (ActiveRecord: 194.3ms)


Started GET "/todo_items" for 127.0.0.1 at 2018-11-14 08:41:15 -0500
Processing by TodoItemsController#index as HTML
  Rendering todo_items/index.html.erb within layouts/application
  [1m[36mTodoItem Load (0.3ms)[0m  [1m[34mSELECT "todo_items".* FROM "todo_items"[0m
  ↳ app/views/todo_items/index.html.erb:14
  Rendered todo_items/index.html.erb within layouts/application (2.7ms)
Completed 200 OK in 47ms (Views: 43.1ms | ActiveRecord: 0.3ms)


Started GET "/todo_items" for 127.0.0.1 at 2018-11-14 08:44:20 -0500
Processing by TodoItemsController#index as HTML
  Rendering todo_items/index.html.erb within layouts/application
  [1m[36mTodoItem Load (0.2ms)[0m  [1m[34mSELECT "todo_items".* FROM "todo_items"[0m
  ↳ app/views/todo_items/index.html.erb:14
  Rendered todo_items/index.html.erb within layouts/application (1.9ms)
Completed 200 OK in 28ms (Views: 25.2ms | ActiveRecord: 0.2ms)


Started GET "/todo_items" for 127.0.0.1 at 2018-11-14 08:44:49 -0500
Processing by TodoItemsController#index as HTML
  Rendering todo_items/index.html.erb within layouts/application
  [1m[36mTodoItem Load (0.7ms)[0m  [1m[34mSELECT "todo_items".* FROM "todo_items"[0m
  ↳ app/views/todo_items/index.html.erb:14
  Rendered todo_items/index.html.erb within layouts/application (6.4ms)
Completed 200 OK in 53ms (Views: 47.5ms | ActiveRecord: 0.7ms)


Started GET "/todo_items" for 127.0.0.1 at 2018-11-14 08:45:10 -0500
Processing by TodoItemsController#index as HTML
  Rendering todo_items/index.html.erb within layouts/application
  [1m[36mTodoItem Load (0.6ms)[0m  [1m[34mSELECT "todo_items".* FROM "todo_items"[0m
  ↳ app/views/todo_items/index.html.erb:14
  Rendered todo_items/index.html.erb within layouts/application (6.2ms)
Completed 200 OK in 72ms (Views: 66.9ms | ActiveRecord: 0.6ms)


Started GET "/todo_items" for 127.0.0.1 at 2018-11-14 08:45:24 -0500
Processing by TodoItemsController#index as HTML
  Rendering todo_items/index.html.erb within layouts/application
  [1m[36mTodoItem Load (0.8ms)[0m  [1m[34mSELECT "todo_items".* FROM "todo_items"[0m
  ↳ app/views/todo_items/index.html.erb:14
  Rendered todo_items/index.html.erb within layouts/application (5.7ms)
Completed 200 OK in 64ms (Views: 55.0ms | ActiveRecord: 0.8ms)


Started GET "/todo_items" for 127.0.0.1 at 2018-11-14 08:45:36 -0500
Processing by TodoItemsController#index as HTML
  Rendering todo_items/index.html.erb within layouts/application
  [1m[36mTodoItem Load (0.6ms)[0m  [1m[34mSELECT "todo_items".* FROM "todo_items"[0m
  ↳ app/views/todo_items/index.html.erb:14
  Rendered todo_items/index.html.erb within layouts/application (7.6ms)
Completed 200 OK in 70ms (Views: 62.8ms | ActiveRecord: 0.6ms)


Started GET "/todo_items" for 127.0.0.1 at 2018-11-14 08:46:03 -0500
Processing by TodoItemsController#index as HTML
  Rendering todo_items/index.html.erb within layouts/application
  [1m[36mTodoItem Load (0.3ms)[0m  [1m[34mSELECT "todo_items".* FROM "todo_items"[0m
  ↳ app/views/todo_items/index.html.erb:14
  Rendered todo_items/index.html.erb within layouts/application (3.1ms)
Completed 200 OK in 126ms (Views: 122.2ms | ActiveRecord: 0.3ms)


Started GET "/todo_items" for 127.0.0.1 at 2018-11-14 08:46:13 -0500
Processing by TodoItemsController#index as HTML
  Rendering todo_items/index.html.erb within layouts/application
  [1m[36mTodoItem Load (0.7ms)[0m  [1m[34mSELECT "todo_items".* FROM "todo_items"[0m
  ↳ app/views/todo_items/index.html.erb:14
  Rendered todo_items/index.html.erb within layouts/application (7.0ms)
Completed 200 OK in 57ms (Views: 49.9ms | ActiveRecord: 0.7ms)


Started GET "/todo_items" for 127.0.0.1 at 2018-11-14 08:46:33 -0500
Processing by TodoItemsController#index as HTML
  Rendering todo_items/index.html.erb within layouts/application
  [1m[36mTodoItem Load (0.7ms)[0m  [1m[34mSELECT "todo_items".* FROM "todo_items"[0m
  ↳ app/views/todo_items/index.html.erb:14
  Rendered todo_items/index.html.erb within layouts/application (10.1ms)
Completed 200 OK in 63ms (Views: 56.9ms | ActiveRecord: 0.7ms)


Started GET "/todo_items" for 127.0.0.1 at 2018-11-14 08:46:40 -0500
Processing by TodoItemsController#index as HTML
  Rendering todo_items/index.html.erb within layouts/application
  [1m[36mTodoItem Load (1.0ms)[0m  [1m[34mSELECT "todo_items".* FROM "todo_items"[0m
  ↳ app/views/todo_items/index.html.erb:14
  Rendered todo_items/index.html.erb within layouts/application (7.1ms)
Completed 200 OK in 67ms (Views: 61.5ms | ActiveRecord: 1.0ms)


Started GET "/todo_items/new" for 127.0.0.1 at 2018-11-14 08:46:41 -0500
Processing by TodoItemsController#new as HTML
  Rendering todo_items/new.html.erb within layouts/application
  Rendered todo_items/_form.html.erb (8.2ms)
  Rendered todo_items/new.html.erb within layouts/application (12.7ms)
Completed 200 OK in 64ms (Views: 58.2ms | ActiveRecord: 0.0ms)


Started POST "/todo_items" for 127.0.0.1 at 2018-11-14 08:46:45 -0500
Processing by TodoItemsController#create as HTML
  Parameters: {"utf8"=>"✓", "authenticity_token"=>"MviLZmxyxQGLvai75mRLhPe0+8wRtDZdMFf9UEPEExf/XNJDLt5b+j1l7ST10px9qpaRWZtQ/I23JM0ScZMKQg==", "todo_item"=>{"description"=>"Call Shaul"}, "commit"=>"Create Todo item"}
  [1m[35m (0.3ms)[0m  [1m[36mbegin transaction[0m
  ↳ app/controllers/todo_items_controller.rb:31
  [1m[36mTodoItem Create (1.5ms)[0m  [1m[32mINSERT INTO "todo_items" ("description", "created_at", "updated_at") VALUES (?, ?, ?)[0m  [["description", "Call Shaul"], ["created_at", "2018-11-14 13:46:45.468328"], ["updated_at", "2018-11-14 13:46:45.468328"]]
  ↳ app/controllers/todo_items_controller.rb:31
  [1m[35m (89.6ms)[0m  [1m[36mcommit transaction[0m
  ↳ app/controllers/todo_items_controller.rb:31
Redirected to http://localhost:3000/todo_items/5
Completed 302 Found in 119ms (ActiveRecord: 91.4ms)


Started GET "/todo_items/5" for 127.0.0.1 at 2018-11-14 08:46:45 -0500
Processing by TodoItemsController#show as HTML
  Parameters: {"id"=>"5"}
  [1m[36mTodoItem Load (0.3ms)[0m  [1m[34mSELECT  "todo_items".* FROM "todo_items" WHERE "todo_items"."id" = ? LIMIT ?[0m  [["id", 5], ["LIMIT", 1]]
  ↳ app/controllers/todo_items_controller.rb:68
  Rendering todo_items/show.html.erb within layouts/application
  Rendered todo_items/show.html.erb within layouts/application (1.5ms)
Completed 200 OK in 29ms (Views: 24.1ms | ActiveRecord: 0.3ms)


Started GET "/todo_items" for 127.0.0.1 at 2018-11-14 08:46:47 -0500
Processing by TodoItemsController#index as HTML
  Rendering todo_items/index.html.erb within layouts/application
  [1m[36mTodoItem Load (0.7ms)[0m  [1m[34mSELECT "todo_items".* FROM "todo_items"[0m
  ↳ app/views/todo_items/index.html.erb:14
  Rendered todo_items/index.html.erb within layouts/application (7.7ms)
Completed 200 OK in 77ms (Views: 72.1ms | ActiveRecord: 0.7ms)


Started DELETE "/todo_items/5" for 127.0.0.1 at 2018-11-14 08:46:51 -0500
Processing by TodoItemsController#destroy as HTML
  Parameters: {"authenticity_token"=>"Xvk/Kaxlhb2eYxQKkdWjcDXnd78vlK3xGvAdSxeBDQ3snp/A7f34JIzdSgVS6OSd0pKlD2GICws1LitqVQ4AmA==", "id"=>"5"}
  [1m[36mTodoItem Load (0.6ms)[0m  [1m[34mSELECT  "todo_items".* FROM "todo_items" WHERE "todo_items"."id" = ? LIMIT ?[0m  [["id", 5], ["LIMIT", 1]]
  ↳ app/controllers/todo_items_controller.rb:68
  [1m[35m (0.9ms)[0m  [1m[36mbegin transaction[0m
  ↳ app/controllers/todo_items_controller.rb:58
  [1m[36mTodoItem Destroy (4.0ms)[0m  [1m[31mDELETE FROM "todo_items" WHERE "todo_items"."id" = ?[0m  [["id", 5]]
  ↳ app/controllers/todo_items_controller.rb:58
  [1m[35m (78.4ms)[0m  [1m[36mcommit transaction[0m
  ↳ app/controllers/todo_items_controller.rb:58
Redirected to http://localhost:3000/todo_items
Completed 302 Found in 101ms (ActiveRecord: 84.0ms)


Started GET "/todo_items" for 127.0.0.1 at 2018-11-14 08:46:51 -0500
Processing by TodoItemsController#index as HTML
  Rendering todo_items/index.html.erb within layouts/application
  [1m[36mTodoItem Load (0.5ms)[0m  [1m[34mSELECT "todo_items".* FROM "todo_items"[0m
  ↳ app/views/todo_items/index.html.erb:14
  Rendered todo_items/index.html.erb within layouts/application (4.2ms)
Completed 200 OK in 32ms (Views: 29.3ms | ActiveRecord: 0.5ms)


Started GET "/todo_items" for 127.0.0.1 at 2018-11-14 08:47:03 -0500
Processing by TodoItemsController#index as HTML
  Rendering todo_items/index.html.erb within layouts/application
  [1m[36mTodoItem Load (0.9ms)[0m  [1m[34mSELECT "todo_items".* FROM "todo_items"[0m
  ↳ app/views/todo_items/index.html.erb:14
  Rendered todo_items/index.html.erb within layouts/application (6.5ms)
Completed 200 OK in 89ms (Views: 84.2ms | ActiveRecord: 0.9ms)


Started GET "/todo_items" for 127.0.0.1 at 2018-11-14 08:48:39 -0500
Processing by TodoItemsController#index as HTML
  Rendering todo_items/index.html.erb within layouts/application
  [1m[36mTodoItem Load (0.7ms)[0m  [1m[34mSELECT "todo_items".* FROM "todo_items"[0m
  ↳ app/views/todo_items/index.html.erb:14
  Rendered todo_items/index.html.erb within layouts/application (6.5ms)
Completed 200 OK in 65ms (Views: 57.6ms | ActiveRecord: 0.7ms)


Started GET "/todo_items" for 127.0.0.1 at 2018-11-14 08:48:40 -0500
Processing by TodoItemsController#index as HTML
  Rendering todo_items/index.html.erb within layouts/application
  [1m[36mTodoItem Load (0.9ms)[0m  [1m[34mSELECT "todo_items".* FROM "todo_items"[0m
  ↳ app/views/todo_items/index.html.erb:14
  Rendered todo_items/index.html.erb within layouts/application (8.0ms)
Completed 200 OK in 50ms (Views: 42.8ms | ActiveRecord: 0.9ms)


Started GET "/todo_items/new" for 127.0.0.1 at 2018-11-14 08:48:41 -0500
Processing by TodoItemsController#new as HTML
  Rendering todo_items/new.html.erb within layouts/application
  Rendered todo_items/_form.html.erb (6.9ms)
  Rendered todo_items/new.html.erb within layouts/application (11.9ms)
Completed 200 OK in 65ms (Views: 61.3ms | ActiveRecord: 0.0ms)


Started GET "/todo_items" for 127.0.0.1 at 2018-11-14 08:48:42 -0500
Processing by TodoItemsController#index as HTML
  Rendering todo_items/index.html.erb within layouts/application
  [1m[36mTodoItem Load (0.7ms)[0m  [1m[34mSELECT "todo_items".* FROM "todo_items"[0m
  ↳ app/views/todo_items/index.html.erb:14
  Rendered todo_items/index.html.erb within layouts/application (6.3ms)
Completed 200 OK in 64ms (Views: 58.5ms | ActiveRecord: 0.7ms)


Started GET "/todo_items/new" for 127.0.0.1 at 2018-11-14 08:48:45 -0500
Processing by TodoItemsController#new as HTML
  Rendering todo_items/new.html.erb within layouts/application
  Rendered todo_items/_form.html.erb (9.3ms)
  Rendered todo_items/new.html.erb within layouts/application (14.9ms)
Completed 200 OK in 72ms (Views: 67.8ms | ActiveRecord: 0.0ms)


Started POST "/todo_items" for 127.0.0.1 at 2018-11-14 08:48:46 -0500
Processing by TodoItemsController#create as HTML
  Parameters: {"utf8"=>"✓", "authenticity_token"=>"Tpzjb6WPF2zUbvgzapVQyl5fuqkH+rYhSQWgFftGRT+DOLpK5yOJl2K2vax5I4czA33QPI0efPHOdpBXyRFcag==", "todo_item"=>{"description"=>"Call Shaul"}, "commit"=>"Create Todo item"}
  [1m[35m (0.1ms)[0m  [1m[36mbegin transaction[0m
  ↳ app/controllers/todo_items_controller.rb:31
  [1m[36mTodoItem Create (0.7ms)[0m  [1m[32mINSERT INTO "todo_items" ("description", "created_at", "updated_at") VALUES (?, ?, ?)[0m  [["description", "Call Shaul"], ["created_at", "2018-11-14 13:48:46.645700"], ["updated_at", "2018-11-14 13:48:46.645700"]]
  ↳ app/controllers/todo_items_controller.rb:31
  [1m[35m (175.1ms)[0m  [1m[36mcommit transaction[0m
  ↳ app/controllers/todo_items_controller.rb:31
Redirected to http://localhost:3000/todo_items/6
Completed 302 Found in 183ms (ActiveRecord: 175.9ms)


Started GET "/todo_items/6" for 127.0.0.1 at 2018-11-14 08:48:46 -0500
Processing by TodoItemsController#show as HTML
  Parameters: {"id"=>"6"}
  [1m[36mTodoItem Load (0.4ms)[0m  [1m[34mSELECT  "todo_items".* FROM "todo_items" WHERE "todo_items"."id" = ? LIMIT ?[0m  [["id", 6], ["LIMIT", 1]]
  ↳ app/controllers/todo_items_controller.rb:68
  Rendering todo_items/show.html.erb within layouts/application
  Rendered todo_items/show.html.erb within layouts/application (2.3ms)
Completed 200 OK in 59ms (Views: 53.2ms | ActiveRecord: 0.4ms)


Started GET "/todo_items" for 127.0.0.1 at 2018-11-14 08:48:49 -0500
Processing by TodoItemsController#index as HTML
  Rendering todo_items/index.html.erb within layouts/application
  [1m[36mTodoItem Load (0.6ms)[0m  [1m[34mSELECT "todo_items".* FROM "todo_items"[0m
  ↳ app/views/todo_items/index.html.erb:14
  Rendered todo_items/index.html.erb within layouts/application (6.3ms)
Completed 200 OK in 71ms (Views: 67.2ms | ActiveRecord: 0.6ms)


Started DELETE "/todo_items/6" for 127.0.0.1 at 2018-11-14 08:48:53 -0500
Processing by TodoItemsController#destroy as HTML
  Parameters: {"authenticity_token"=>"Zi5hpoqgdRXz1vUttv2GjaY2EfkeXmo+fAa1afUbTD/UScFPyzgIjOFoqyJ1wMFgQUPDSVBCzMRT2INIt5RBqg==", "id"=>"6"}
  [1m[36mTodoItem Load (0.2ms)[0m  [1m[34mSELECT  "todo_items".* FROM "todo_items" WHERE "todo_items"."id" = ? LIMIT ?[0m  [["id", 6], ["LIMIT", 1]]
  ↳ app/controllers/todo_items_controller.rb:68
  [1m[35m (0.1ms)[0m  [1m[36mbegin transaction[0m
  ↳ app/controllers/todo_items_controller.rb:58
  [1m[36mTodoItem Destroy (0.4ms)[0m  [1m[31mDELETE FROM "todo_items" WHERE "todo_items"."id" = ?[0m  [["id", 6]]
  ↳ app/controllers/todo_items_controller.rb:58
  [1m[35m (81.0ms)[0m  [1m[36mcommit transaction[0m
  ↳ app/controllers/todo_items_controller.rb:58
Redirected to http://localhost:3000/todo_items
Completed 302 Found in 93ms (ActiveRecord: 81.7ms)


Started GET "/todo_items" for 127.0.0.1 at 2018-11-14 08:48:53 -0500
Processing by TodoItemsController#index as HTML
  Rendering todo_items/index.html.erb within layouts/application
  [1m[36mTodoItem Load (0.3ms)[0m  [1m[34mSELECT "todo_items".* FROM "todo_items"[0m
  ↳ app/views/todo_items/index.html.erb:14
  Rendered todo_items/index.html.erb within layouts/application (2.6ms)
Completed 200 OK in 26ms (Views: 24.6ms | ActiveRecord: 0.3ms)


Started GET "/todo_items/new" for 127.0.0.1 at 2018-11-14 08:48:54 -0500
Processing by TodoItemsController#new as HTML
  Rendering todo_items/new.html.erb within layouts/application
  Rendered todo_items/_form.html.erb (5.0ms)
  Rendered todo_items/new.html.erb within layouts/application (8.1ms)
Completed 200 OK in 60ms (Views: 55.4ms | ActiveRecord: 0.0ms)


Started POST "/todo_items" for 127.0.0.1 at 2018-11-14 08:48:56 -0500
Processing by TodoItemsController#create as HTML
  Parameters: {"utf8"=>"✓", "authenticity_token"=>"Bi7+Kxq+QT7zi3hS8ZeXiBLnDLEdUZnCp1YxePAzocnLiqcOWBLfxUVTPc3iIUBxT8VmJJe1UxIgJQE6wmS4nA==", "todo_item"=>{"description"=>"Call Shaul"}, "commit"=>"Create Todo item"}
  [1m[35m (0.1ms)[0m  [1m[36mbegin transaction[0m
  ↳ app/controllers/todo_items_controller.rb:31
  [1m[36mTodoItem Create (1.5ms)[0m  [1m[32mINSERT INTO "todo_items" ("description", "created_at", "updated_at") VALUES (?, ?, ?)[0m  [["description", "Call Shaul"], ["created_at", "2018-11-14 13:48:56.661360"], ["updated_at", "2018-11-14 13:48:56.661360"]]
  ↳ app/controllers/todo_items_controller.rb:31
  [1m[35m (188.4ms)[0m  [1m[36mcommit transaction[0m
  ↳ app/controllers/todo_items_controller.rb:31
Redirected to http://localhost:3000/todo_items/7
Completed 302 Found in 194ms (ActiveRecord: 190.0ms)


Started GET "/todo_items/7" for 127.0.0.1 at 2018-11-14 08:48:56 -0500
Processing by TodoItemsController#show as HTML
  Parameters: {"id"=>"7"}
  [1m[36mTodoItem Load (0.5ms)[0m  [1m[34mSELECT  "todo_items".* FROM "todo_items" WHERE "todo_items"."id" = ? LIMIT ?[0m  [["id", 7], ["LIMIT", 1]]
  ↳ app/controllers/todo_items_controller.rb:68
  Rendering todo_items/show.html.erb within layouts/application
  Rendered todo_items/show.html.erb within layouts/application (1.9ms)
Completed 200 OK in 49ms (Views: 45.2ms | ActiveRecord: 0.5ms)


Started GET "/todo_items/7" for 127.0.0.1 at 2018-11-14 08:49:19 -0500
Processing by TodoItemsController#show as HTML
  Parameters: {"id"=>"7"}
  [1m[36mTodoItem Load (0.4ms)[0m  [1m[34mSELECT  "todo_items".* FROM "todo_items" WHERE "todo_items"."id" = ? LIMIT ?[0m  [["id", 7], ["LIMIT", 1]]
  ↳ app/controllers/todo_items_controller.rb:68
  Rendering todo_items/show.html.erb within layouts/application
  Rendered todo_items/show.html.erb within layouts/application (1.4ms)
Completed 200 OK in 38ms (Views: 33.3ms | ActiveRecord: 0.4ms)


Started GET "/todo_items" for 127.0.0.1 at 2018-11-14 08:49:22 -0500
Processing by TodoItemsController#index as HTML
  Rendering todo_items/index.html.erb within layouts/application
  [1m[36mTodoItem Load (0.7ms)[0m  [1m[34mSELECT "todo_items".* FROM "todo_items"[0m
  ↳ app/views/todo_items/index.html.erb:14
  Rendered todo_items/index.html.erb within layouts/application (8.5ms)
Completed 200 OK in 75ms (Views: 70.3ms | ActiveRecord: 0.7ms)


Started GET "/todo_items/new" for 127.0.0.1 at 2018-11-14 08:49:24 -0500
Processing by TodoItemsController#new as HTML
  Rendering todo_items/new.html.erb within layouts/application
  Rendered todo_items/_form.html.erb (6.5ms)
  Rendered todo_items/new.html.erb within layouts/application (9.9ms)
Completed 200 OK in 58ms (Views: 54.2ms | ActiveRecord: 0.0ms)


Started GET "/todo_items/new" for 127.0.0.1 at 2018-11-14 08:52:04 -0500
Processing by TodoItemsController#new as HTML
  Rendering todo_items/new.html.erb within layouts/application
  Rendered todo_items/_form.html.erb (9.9ms)
  Rendered todo_items/new.html.erb within layouts/application (14.8ms)
Completed 200 OK in 72ms (Views: 67.5ms | ActiveRecord: 0.0ms)


Started GET "/todo_items/new" for 127.0.0.1 at 2018-11-14 08:52:05 -0500
Processing by TodoItemsController#new as HTML
  Rendering todo_items/new.html.erb within layouts/application
  Rendered todo_items/_form.html.erb (4.8ms)
  Rendered todo_items/new.html.erb within layouts/application (7.6ms)
Completed 200 OK in 45ms (Views: 40.3ms | ActiveRecord: 0.0ms)


Started GET "/" for 127.0.0.1 at 2018-11-14 08:52:20 -0500
Processing by TodoItemsController#index as HTML
  Rendering todo_items/index.html.erb within layouts/application
  [1m[36mTodoItem Load (0.2ms)[0m  [1m[34mSELECT "todo_items".* FROM "todo_items"[0m
  ↳ app/views/todo_items/index.html.erb:14
  Rendered todo_items/index.html.erb within layouts/application (2.2ms)
Completed 200 OK in 30ms (Views: 28.5ms | ActiveRecord: 0.2ms)


Started DELETE "/todo_items/7" for 127.0.0.1 at 2018-11-14 08:52:23 -0500
Processing by TodoItemsController#destroy as HTML
  Parameters: {"authenticity_token"=>"aLLoO/ENF4xSHIX+wiW6QhPotTLGmP8wzLOORQL0zkja1UjSsJVqFUCi2/EBGP2v9J1ngoiEWcrjbbhkQHvD3Q==", "id"=>"7"}
  [1m[36mTodoItem Load (0.2ms)[0m  [1m[34mSELECT  "todo_items".* FROM "todo_items" WHERE "todo_items"."id" = ? LIMIT ?[0m  [["id", 7], ["LIMIT", 1]]
  ↳ app/controllers/todo_items_controller.rb:68
  [1m[35m (0.1ms)[0m  [1m[36mbegin transaction[0m
  ↳ app/controllers/todo_items_controller.rb:58
  [1m[36mTodoItem Destroy (0.5ms)[0m  [1m[31mDELETE FROM "todo_items" WHERE "todo_items"."id" = ?[0m  [["id", 7]]
  ↳ app/controllers/todo_items_controller.rb:58
  [1m[35m (106.2ms)[0m  [1m[36mcommit transaction[0m
  ↳ app/controllers/todo_items_controller.rb:58
Redirected to http://localhost:3000/todo_items
Completed 302 Found in 114ms (ActiveRecord: 106.9ms)


Started GET "/todo_items" for 127.0.0.1 at 2018-11-14 08:52:24 -0500
Processing by TodoItemsController#index as HTML
  Rendering todo_items/index.html.erb within layouts/application
  [1m[36mTodoItem Load (0.4ms)[0m  [1m[34mSELECT "todo_items".* FROM "todo_items"[0m
  ↳ app/views/todo_items/index.html.erb:14
  Rendered todo_items/index.html.erb within layouts/application (2.7ms)
Completed 200 OK in 33ms (Views: 28.7ms | ActiveRecord: 0.4ms)


Started GET "/todo_items" for 127.0.0.1 at 2018-11-14 08:52:54 -0500
Processing by TodoItemsController#index as HTML
  Rendering todo_items/index.html.erb within layouts/application
  [1m[36mTodoItem Load (0.7ms)[0m  [1m[34mSELECT "todo_items".* FROM "todo_items"[0m
  ↳ app/views/todo_items/index.html.erb:14
  Rendered todo_items/index.html.erb within layouts/application (7.9ms)
Completed 200 OK in 85ms (Views: 80.6ms | ActiveRecord: 0.7ms)


Started GET "/todo_items" for 127.0.0.1 at 2018-11-14 08:52:55 -0500
Processing by TodoItemsController#index as HTML
  Rendering todo_items/index.html.erb within layouts/application
  [1m[36mTodoItem Load (0.6ms)[0m  [1m[34mSELECT "todo_items".* FROM "todo_items"[0m
  ↳ app/views/todo_items/index.html.erb:14
  Rendered todo_items/index.html.erb within layouts/application (6.7ms)
Completed 200 OK in 67ms (Views: 60.7ms | ActiveRecord: 0.6ms)


Started GET "/todo_items" for 127.0.0.1 at 2018-11-14 08:53:37 -0500
Processing by TodoItemsController#index as HTML
  Rendering todo_items/index.html.erb within layouts/application
  [1m[36mTodoItem Load (0.8ms)[0m  [1m[34mSELECT "todo_items".* FROM "todo_items"[0m
  ↳ app/views/todo_items/index.html.erb:14
  Rendered todo_items/index.html.erb within layouts/application (7.9ms)
Completed 200 OK in 113ms (Views: 108.2ms | ActiveRecord: 0.8ms)


Started GET "/todo_items" for 127.0.0.1 at 2018-11-14 08:53:38 -0500
Processing by TodoItemsController#index as HTML
  Rendering todo_items/index.html.erb within layouts/application
  [1m[36mTodoItem Load (0.3ms)[0m  [1m[34mSELECT "todo_items".* FROM "todo_items"[0m
  ↳ app/views/todo_items/index.html.erb:14
  Rendered todo_items/index.html.erb within layouts/application (3.5ms)
Completed 200 OK in 45ms (Views: 39.3ms | ActiveRecord: 0.3ms)


Started GET "/todo_items" for 127.0.0.1 at 2018-11-14 08:54:51 -0500
Processing by TodoItemsController#index as HTML
  Rendering todo_items/index.html.erb within layouts/application
  [1m[36mTodoItem Load (0.4ms)[0m  [1m[34mSELECT "todo_items".* FROM "todo_items"[0m
  ↳ app/views/todo_items/index.html.erb:14
  Rendered todo_items/index.html.erb within layouts/application (3.2ms)
Completed 200 OK in 44ms (Views: 41.0ms | ActiveRecord: 0.4ms)


Started GET "/todo_items" for 127.0.0.1 at 2018-11-14 08:54:52 -0500
Processing by TodoItemsController#index as HTML
  Rendering todo_items/index.html.erb within layouts/application
  [1m[36mTodoItem Load (0.7ms)[0m  [1m[34mSELECT "todo_items".* FROM "todo_items"[0m
  ↳ app/views/todo_items/index.html.erb:14
  Rendered todo_items/index.html.erb within layouts/application (8.2ms)
Completed 200 OK in 71ms (Views: 61.0ms | ActiveRecord: 0.7ms)


Started GET "/todo_items" for 127.0.0.1 at 2018-11-14 08:55:03 -0500
Processing by TodoItemsController#index as HTML
  Rendering todo_items/index.html.erb within layouts/application
  [1m[36mTodoItem Load (0.4ms)[0m  [1m[34mSELECT "todo_items".* FROM "todo_items"[0m
  ↳ app/views/todo_items/index.html.erb:14
  Rendered todo_items/index.html.erb within layouts/application (4.4ms)
Completed 200 OK in 53ms (Views: 46.0ms | ActiveRecord: 0.4ms)


Started GET "/todo_items" for 127.0.0.1 at 2018-11-14 08:55:05 -0500
Processing by TodoItemsController#index as HTML
  Rendering todo_items/index.html.erb within layouts/application
  [1m[36mTodoItem Load (0.8ms)[0m  [1m[34mSELECT "todo_items".* FROM "todo_items"[0m
  ↳ app/views/todo_items/index.html.erb:14
  Rendered todo_items/index.html.erb within layouts/application (8.5ms)
Completed 200 OK in 55ms (Views: 48.8ms | ActiveRecord: 0.8ms)


Started GET "/todo_items" for 127.0.0.1 at 2018-11-14 08:55:07 -0500
Processing by TodoItemsController#index as HTML
  Rendering todo_items/index.html.erb within layouts/application
  [1m[36mTodoItem Load (0.7ms)[0m  [1m[34mSELECT "todo_items".* FROM "todo_items"[0m
  ↳ app/views/todo_items/index.html.erb:14
  Rendered todo_items/index.html.erb within layouts/application (7.0ms)
Completed 200 OK in 69ms (Views: 63.4ms | ActiveRecord: 0.7ms)


Started GET "/todo_items" for 127.0.0.1 at 2018-11-14 08:55:35 -0500
Processing by TodoItemsController#index as HTML
  Rendering todo_items/index.html.erb within layouts/application
  [1m[36mTodoItem Load (0.2ms)[0m  [1m[34mSELECT "todo_items".* FROM "todo_items"[0m
  ↳ app/views/todo_items/index.html.erb:14
  Rendered todo_items/index.html.erb within layouts/application (2.9ms)
Completed 200 OK in 30ms (Views: 27.8ms | ActiveRecord: 0.2ms)


Started GET "/todo_items" for 127.0.0.1 at 2018-11-14 08:55:36 -0500
Processing by TodoItemsController#index as HTML
  Rendering todo_items/index.html.erb within layouts/application
  [1m[36mTodoItem Load (0.7ms)[0m  [1m[34mSELECT "todo_items".* FROM "todo_items"[0m
  ↳ app/views/todo_items/index.html.erb:14
  Rendered todo_items/index.html.erb within layouts/application (7.2ms)
Completed 200 OK in 78ms (Views: 72.7ms | ActiveRecord: 0.7ms)


Started GET "/todo_items" for 127.0.0.1 at 2018-11-14 08:55:59 -0500
Processing by TodoItemsController#index as HTML
  Rendering todo_items/index.html.erb within layouts/application
  [1m[36mTodoItem Load (0.8ms)[0m  [1m[34mSELECT "todo_items".* FROM "todo_items"[0m
  ↳ app/views/todo_items/index.html.erb:14
  Rendered todo_items/index.html.erb within layouts/application (6.0ms)
Completed 200 OK in 54ms (Views: 48.0ms | ActiveRecord: 0.8ms)


Started GET "/todo_items" for 127.0.0.1 at 2018-11-14 08:56:25 -0500
Processing by TodoItemsController#index as HTML
  Rendering todo_items/index.html.erb within layouts/application
  [1m[36mTodoItem Load (0.7ms)[0m  [1m[34mSELECT "todo_items".* FROM "todo_items"[0m
  ↳ app/views/todo_items/index.html.erb:14
  Rendered todo_items/index.html.erb within layouts/application (6.6ms)
Completed 200 OK in 55ms (Views: 50.7ms | ActiveRecord: 0.7ms)


Started GET "/todo_items" for 127.0.0.1 at 2018-11-14 08:56:51 -0500
Processing by TodoItemsController#index as HTML
  Rendering todo_items/index.html.erb within layouts/application
  [1m[36mTodoItem Load (0.2ms)[0m  [1m[34mSELECT "todo_items".* FROM "todo_items"[0m
  ↳ app/views/todo_items/index.html.erb:14
  Rendered todo_items/index.html.erb within layouts/application (2.2ms)
Completed 200 OK in 39ms (Views: 36.0ms | ActiveRecord: 0.2ms)


Started GET "/todo_items" for 127.0.0.1 at 2018-11-14 08:56:52 -0500
Processing by TodoItemsController#index as HTML
  Rendering todo_items/index.html.erb within layouts/application
  [1m[36mTodoItem Load (0.4ms)[0m  [1m[34mSELECT "todo_items".* FROM "todo_items"[0m
  ↳ app/views/todo_items/index.html.erb:14
  Rendered todo_items/index.html.erb within layouts/application (4.7ms)
Completed 200 OK in 46ms (Views: 41.6ms | ActiveRecord: 0.4ms)


Started GET "/todo_items" for 127.0.0.1 at 2018-11-14 08:57:04 -0500
Processing by TodoItemsController#index as HTML
  Rendering todo_items/index.html.erb within layouts/application
  [1m[36mTodoItem Load (0.8ms)[0m  [1m[34mSELECT "todo_items".* FROM "todo_items"[0m
  ↳ app/views/todo_items/index.html.erb:14
  Rendered todo_items/index.html.erb within layouts/application (6.8ms)
Completed 200 OK in 71ms (Views: 60.7ms | ActiveRecord: 0.8ms)


Started GET "/todo_items/new" for 127.0.0.1 at 2018-11-14 08:57:08 -0500
Processing by TodoItemsController#new as HTML
  Rendering todo_items/new.html.erb within layouts/application
  Rendered todo_items/_form.html.erb (8.7ms)
  Rendered todo_items/new.html.erb within layouts/application (13.3ms)
Completed 200 OK in 68ms (Views: 63.6ms | ActiveRecord: 0.0ms)


Started POST "/todo_items" for 127.0.0.1 at 2018-11-14 08:57:58 -0500
Processing by TodoItemsController#create as HTML
  Parameters: {"utf8"=>"✓", "authenticity_token"=>"JSWWeuqGdbQLdcVXFj/3sGmEOBD3lZIgv+TyO39FKVPogc9fqCrrT72tgMgFiSBJNKZShX1xWPA4l8J5TRIwBg==", "todo_item"=>{"description"=>""}, "commit"=>"Create Todo item"}
  [1m[35m (1.2ms)[0m  [1m[36mbegin transaction[0m
  ↳ app/controllers/todo_items_controller.rb:31
  [1m[36mTodoItem Create (0.8ms)[0m  [1m[32mINSERT INTO "todo_items" ("description", "created_at", "updated_at") VALUES (?, ?, ?)[0m  [["description", ""], ["created_at", "2018-11-14 13:57:58.669493"], ["updated_at", "2018-11-14 13:57:58.669493"]]
  ↳ app/controllers/todo_items_controller.rb:31
  [1m[35m (102.9ms)[0m  [1m[36mcommit transaction[0m
  ↳ app/controllers/todo_items_controller.rb:31
Redirected to http://localhost:3000/todo_items/8
Completed 302 Found in 116ms (ActiveRecord: 104.9ms)


Started GET "/todo_items/8" for 127.0.0.1 at 2018-11-14 08:57:58 -0500
Processing by TodoItemsController#show as HTML
  Parameters: {"id"=>"8"}
  [1m[36mTodoItem Load (0.5ms)[0m  [1m[34mSELECT  "todo_items".* FROM "todo_items" WHERE "todo_items"."id" = ? LIMIT ?[0m  [["id", 8], ["LIMIT", 1]]
  ↳ app/controllers/todo_items_controller.rb:68
  Rendering todo_items/show.html.erb within layouts/application
  Rendered todo_items/show.html.erb within layouts/application (1.7ms)
Completed 200 OK in 42ms (Views: 35.0ms | ActiveRecord: 0.5ms)


Started GET "/todo_items/8/edit" for 127.0.0.1 at 2018-11-14 08:58:00 -0500
Processing by TodoItemsController#edit as HTML
  Parameters: {"id"=>"8"}
  [1m[36mTodoItem Load (0.4ms)[0m  [1m[34mSELECT  "todo_items".* FROM "todo_items" WHERE "todo_items"."id" = ? LIMIT ?[0m  [["id", 8], ["LIMIT", 1]]
  ↳ app/controllers/todo_items_controller.rb:68
  Rendering todo_items/edit.html.erb within layouts/application
  Rendered todo_items/_form.html.erb (9.7ms)
  Rendered todo_items/edit.html.erb within layouts/application (15.1ms)
Completed 200 OK in 58ms (Views: 52.1ms | ActiveRecord: 0.4ms)


Started GET "/todo_items" for 127.0.0.1 at 2018-11-14 08:58:04 -0500
Processing by TodoItemsController#index as HTML
  Rendering todo_items/index.html.erb within layouts/application
  [1m[36mTodoItem Load (0.6ms)[0m  [1m[34mSELECT "todo_items".* FROM "todo_items"[0m
  ↳ app/views/todo_items/index.html.erb:14
  Rendered todo_items/index.html.erb within layouts/application (7.0ms)
Completed 200 OK in 60ms (Views: 54.5ms | ActiveRecord: 0.6ms)


Started DELETE "/todo_items/8" for 127.0.0.1 at 2018-11-14 08:58:07 -0500
Processing by TodoItemsController#destroy as HTML
  Parameters: {"authenticity_token"=>"mrY9lulv3Rg/+9Yic90ucCFmPXPknFFBPX8OmAnp+iQo0Z1/qPeggS1FiC2w4GmdxhPvw6qA97sSoTi5S2b3sQ==", "id"=>"8"}
  [1m[36mTodoItem Load (0.2ms)[0m  [1m[34mSELECT  "todo_items".* FROM "todo_items" WHERE "todo_items"."id" = ? LIMIT ?[0m  [["id", 8], ["LIMIT", 1]]
  ↳ app/controllers/todo_items_controller.rb:68
  [1m[35m (0.1ms)[0m  [1m[36mbegin transaction[0m
  ↳ app/controllers/todo_items_controller.rb:58
  [1m[36mTodoItem Destroy (0.6ms)[0m  [1m[31mDELETE FROM "todo_items" WHERE "todo_items"."id" = ?[0m  [["id", 8]]
  ↳ app/controllers/todo_items_controller.rb:58
  [1m[35m (92.0ms)[0m  [1m[36mcommit transaction[0m
  ↳ app/controllers/todo_items_controller.rb:58
Redirected to http://localhost:3000/todo_items
Completed 302 Found in 102ms (ActiveRecord: 92.8ms)


Started GET "/todo_items" for 127.0.0.1 at 2018-11-14 08:58:07 -0500
Processing by TodoItemsController#index as HTML
  Rendering todo_items/index.html.erb within layouts/application
  [1m[36mTodoItem Load (0.2ms)[0m  [1m[34mSELECT "todo_items".* FROM "todo_items"[0m
  ↳ app/views/todo_items/index.html.erb:14
  Rendered todo_items/index.html.erb within layouts/application (2.2ms)
Completed 200 OK in 32ms (Views: 28.5ms | ActiveRecord: 0.2ms)


Started GET "/todo_items/new" for 127.0.0.1 at 2018-11-14 08:58:08 -0500
Processing by TodoItemsController#new as HTML
  Rendering todo_items/new.html.erb within layouts/application
  Rendered todo_items/_form.html.erb (4.7ms)
  Rendered todo_items/new.html.erb within layouts/application (9.9ms)
Completed 200 OK in 47ms (Views: 42.0ms | ActiveRecord: 0.0ms)


Started POST "/todo_items" for 127.0.0.1 at 2018-11-14 08:58:09 -0500
Processing by TodoItemsController#create as HTML
  Parameters: {"utf8"=>"✓", "authenticity_token"=>"EsRluupSn4eHEweStBwXLUgFv8Co2sM8OQ1LPmYqx1rfYDyfqP4BfDHLQg2nqsDUFSfVVSI+Cey+fnt8VH3eDw==", "todo_item"=>{"description"=>"Call Shaul"}, "commit"=>"Create Todo item"}
  [1m[35m (0.1ms)[0m  [1m[36mbegin transaction[0m
  ↳ app/controllers/todo_items_controller.rb:31
  [1m[36mTodoItem Create (0.5ms)[0m  [1m[32mINSERT INTO "todo_items" ("description", "created_at", "updated_at") VALUES (?, ?, ?)[0m  [["description", "Call Shaul"], ["created_at", "2018-11-14 13:58:09.864736"], ["updated_at", "2018-11-14 13:58:09.864736"]]
  ↳ app/controllers/todo_items_controller.rb:31
  [1m[35m (169.5ms)[0m  [1m[36mcommit transaction[0m
  ↳ app/controllers/todo_items_controller.rb:31
Redirected to http://localhost:3000/todo_items/9
Completed 302 Found in 178ms (ActiveRecord: 170.1ms)


Started GET "/todo_items/9" for 127.0.0.1 at 2018-11-14 08:58:10 -0500
Processing by TodoItemsController#show as HTML
  Parameters: {"id"=>"9"}
  [1m[36mTodoItem Load (0.5ms)[0m  [1m[34mSELECT  "todo_items".* FROM "todo_items" WHERE "todo_items"."id" = ? LIMIT ?[0m  [["id", 9], ["LIMIT", 1]]
  ↳ app/controllers/todo_items_controller.rb:68
  Rendering todo_items/show.html.erb within layouts/application
  Rendered todo_items/show.html.erb within layouts/application (1.7ms)
Completed 200 OK in 36ms (Views: 28.3ms | ActiveRecord: 0.5ms)


Started GET "/todo_items/9/edit" for 127.0.0.1 at 2018-11-14 08:58:11 -0500
Processing by TodoItemsController#edit as HTML
  Parameters: {"id"=>"9"}
  [1m[36mTodoItem Load (0.4ms)[0m  [1m[34mSELECT  "todo_items".* FROM "todo_items" WHERE "todo_items"."id" = ? LIMIT ?[0m  [["id", 9], ["LIMIT", 1]]
  ↳ app/controllers/todo_items_controller.rb:68
  Rendering todo_items/edit.html.erb within layouts/application
  Rendered todo_items/_form.html.erb (6.9ms)
  Rendered todo_items/edit.html.erb within layouts/application (11.2ms)
Completed 200 OK in 76ms (Views: 70.4ms | ActiveRecord: 0.4ms)


Started GET "/todo_items/9/edit" for 127.0.0.1 at 2018-11-14 08:58:28 -0500
Processing by TodoItemsController#edit as HTML
  Parameters: {"id"=>"9"}
  [1m[36mTodoItem Load (0.7ms)[0m  [1m[34mSELECT  "todo_items".* FROM "todo_items" WHERE "todo_items"."id" = ? LIMIT ?[0m  [["id", 9], ["LIMIT", 1]]
  ↳ app/controllers/todo_items_controller.rb:68
  Rendering todo_items/edit.html.erb within layouts/application
  Rendered todo_items/_form.html.erb (11.0ms)
  Rendered todo_items/edit.html.erb within layouts/application (19.0ms)
Completed 200 OK in 64ms (Views: 54.8ms | ActiveRecord: 0.7ms)


Started GET "/" for 127.0.0.1 at 2018-11-14 09:02:14 -0500
  [1m[35m (0.1ms)[0m  [1m[34mSELECT "schema_migrations"."version" FROM "schema_migrations" ORDER BY "schema_migrations"."version" ASC[0m
  ↳ /home/anoah/.rbenv/versions/2.5.1/lib/ruby/gems/2.5.0/gems/activerecord-5.2.1/lib/active_record/log_subscriber.rb:98
Processing by TodoItemsController#index as HTML
  Rendering todo_items/index.html.erb within layouts/application
  [1m[36mTodoItem Load (0.6ms)[0m  [1m[34mSELECT "todo_items".* FROM "todo_items"[0m
  ↳ app/views/todo_items/index.html.erb:14
  Rendered todo_items/index.html.erb within layouts/application (23.6ms)
Completed 200 OK in 431ms (Views: 419.6ms | ActiveRecord: 2.8ms)


Started DELETE "/todo_items/9" for 127.0.0.1 at 2018-11-14 09:02:18 -0500
Processing by TodoItemsController#destroy as HTML
  Parameters: {"authenticity_token"=>"egsIoSAwUiyCvr4rzxxdH/VMGOeiUEV4FdAssB+hUgDIbKhIYagvtZAA4CQMIRryEjnKV+xM44I6DhqRXS5flQ==", "id"=>"9"}
  [1m[36mTodoItem Load (0.4ms)[0m  [1m[34mSELECT  "todo_items".* FROM "todo_items" WHERE "todo_items"."id" = ? LIMIT ?[0m  [["id", 9], ["LIMIT", 1]]
  ↳ app/controllers/todo_items_controller.rb:68
  [1m[35m (0.1ms)[0m  [1m[36mbegin transaction[0m
  ↳ app/controllers/todo_items_controller.rb:58
  [1m[36mTodoItem Destroy (2.6ms)[0m  [1m[31mDELETE FROM "todo_items" WHERE "todo_items"."id" = ?[0m  [["id", 9]]
  ↳ app/controllers/todo_items_controller.rb:58
  [1m[35m (150.8ms)[0m  [1m[36mcommit transaction[0m
  ↳ app/controllers/todo_items_controller.rb:58
Redirected to http://localhost:3000/todo_items
Completed 302 Found in 162ms (ActiveRecord: 154.0ms)


Started GET "/todo_items" for 127.0.0.1 at 2018-11-14 09:02:18 -0500
Processing by TodoItemsController#index as HTML
  Rendering todo_items/index.html.erb within layouts/application
  [1m[36mTodoItem Load (0.3ms)[0m  [1m[34mSELECT "todo_items".* FROM "todo_items"[0m
  ↳ app/views/todo_items/index.html.erb:14
  Rendered todo_items/index.html.erb within layouts/application (2.2ms)
Completed 200 OK in 34ms (Views: 32.2ms | ActiveRecord: 0.3ms)


Started GET "/todo_items/new" for 127.0.0.1 at 2018-11-14 09:02:20 -0500
Processing by TodoItemsController#new as HTML
  Rendering todo_items/new.html.erb within layouts/application
  Rendered todo_items/_form.html.erb (107.1ms)
  Rendered todo_items/new.html.erb within layouts/application (112.3ms)
Completed 200 OK in 158ms (Views: 154.0ms | ActiveRecord: 0.0ms)


Started GET "/todo_items" for 127.0.0.1 at 2018-11-14 09:02:23 -0500
Processing by TodoItemsController#index as HTML
  Rendering todo_items/index.html.erb within layouts/application
  [1m[36mTodoItem Load (0.8ms)[0m  [1m[34mSELECT "todo_items".* FROM "todo_items"[0m
  ↳ app/views/todo_items/index.html.erb:14
  Rendered todo_items/index.html.erb within layouts/application (7.1ms)
Completed 200 OK in 53ms (Views: 44.2ms | ActiveRecord: 0.8ms)


Started GET "/todo_items/new" for 127.0.0.1 at 2018-11-14 09:02:24 -0500
Processing by TodoItemsController#new as HTML
  Rendering todo_items/new.html.erb within layouts/application
  Rendered todo_items/_form.html.erb (1.7ms)
  Rendered todo_items/new.html.erb within layouts/application (2.9ms)
Completed 200 OK in 31ms (Views: 30.2ms | ActiveRecord: 0.0ms)


Started POST "/todo_items" for 127.0.0.1 at 2018-11-14 09:02:26 -0500
Processing by TodoItemsController#create as HTML
  Parameters: {"utf8"=>"✓", "authenticity_token"=>"yOHBM5P9a/JLmVzv54DO6kwTREyNFoftg1goSYo+MPcFRZgW0VH1Cf1BGXD0NhkTETEu2QfyTT0EKxgLuGkpog==", "todo_item"=>{"description"=>"Call Shaul"}, "commit"=>"Create Todo item"}
  [1m[35m (0.1ms)[0m  [1m[36mbegin transaction[0m
  ↳ app/controllers/todo_items_controller.rb:31
  [1m[36mTodoItem Create (1.8ms)[0m  [1m[32mINSERT INTO "todo_items" ("description", "created_at", "updated_at") VALUES (?, ?, ?)[0m  [["description", "Call Shaul"], ["created_at", "2018-11-14 14:02:26.196523"], ["updated_at", "2018-11-14 14:02:26.196523"]]
  ↳ app/controllers/todo_items_controller.rb:31
  [1m[35m (127.4ms)[0m  [1m[36mcommit transaction[0m
  ↳ app/controllers/todo_items_controller.rb:31
Redirected to http://localhost:3000/todo_items/10
Completed 302 Found in 139ms (ActiveRecord: 129.3ms)


Started GET "/todo_items/10" for 127.0.0.1 at 2018-11-14 09:02:26 -0500
Processing by TodoItemsController#show as HTML
  Parameters: {"id"=>"10"}
  [1m[36mTodoItem Load (0.5ms)[0m  [1m[34mSELECT  "todo_items".* FROM "todo_items" WHERE "todo_items"."id" = ? LIMIT ?[0m  [["id", 10], ["LIMIT", 1]]
  ↳ app/controllers/todo_items_controller.rb:68
  Rendering todo_items/show.html.erb within layouts/application
  Rendered todo_items/show.html.erb within layouts/application (1.3ms)
Completed 200 OK in 30ms (Views: 25.4ms | ActiveRecord: 0.5ms)


